WARN  Raw HTML omitted while rendering "C:/Users/Cuile/Documents/Gitee/Cuile.github.io/content/post/Python/Nuitka.md"; see https://gohugo.io/getting-started/configuration-markup/#rendererunsafe
You can suppress this warning by adding the following to your site configuration:
ignoreLogs = ['warning-goldmark-raw-html']
WARN  Raw HTML omitted while rendering "C:/Users/Cuile/Documents/Gitee/Cuile.github.io/content/post/Linux/tmux.md"; see https://gohugo.io/getting-started/configuration-markup/#rendererunsafe
You can suppress this warning by adding the following to your site configuration:
ignoreLogs = ['warning-goldmark-raw-html']
WARN  Raw HTML omitted while rendering "C:/Users/Cuile/Documents/Gitee/Cuile.github.io/content/post/VsCode/VsCode_with_Remote_SSH_in_Alpine_Linux.md"; see https://gohugo.io/getting-started/configuration-markup/#rendererunsafe
You can suppress this warning by adding the following to your site configuration:
ignoreLogs = ['warning-goldmark-raw-html']
WARN  Raw HTML omitted while rendering "C:/Users/Cuile/Documents/Gitee/Cuile.github.io/content/post/Proxmox/CLI.md"; see https://gohugo.io/getting-started/configuration-markup/#rendererunsafe
You can suppress this warning by adding the following to your site configuration:
ignoreLogs = ['warning-goldmark-raw-html']
WARN  Raw HTML omitted while rendering "C:/Users/Cuile/Documents/Gitee/Cuile.github.io/content/post/Windows/Hyper-V_Network.md"; see https://gohugo.io/getting-started/configuration-markup/#rendererunsafe
You can suppress this warning by adding the following to your site configuration:
ignoreLogs = ['warning-goldmark-raw-html']
WARN  Raw HTML omitted while rendering "C:/Users/Cuile/Documents/Gitee/Cuile.github.io/content/post/Linux/Configure_Manual.md"; see https://gohugo.io/getting-started/configuration-markup/#rendererunsafe
You can suppress this warning by adding the following to your site configuration:
ignoreLogs = ['warning-goldmark-raw-html']
WARN  Raw HTML omitted while rendering "C:/Users/Cuile/Documents/Gitee/Cuile.github.io/content/post/Tips/tips4.md"; see https://gohugo.io/getting-started/configuration-markup/#rendererunsafe
You can suppress this warning by adding the following to your site configuration:
ignoreLogs = ['warning-goldmark-raw-html']
WARN  Raw HTML omitted while rendering "C:/Users/Cuile/Documents/Gitee/Cuile.github.io/content/post/Linux/repo_Manual.md"; see https://gohugo.io/getting-started/configuration-markup/#rendererunsafe
You can suppress this warning by adding the following to your site configuration:
ignoreLogs = ['warning-goldmark-raw-html']
WARN  Raw HTML omitted while rendering "C:/Users/Cuile/Documents/Gitee/Cuile.github.io/content/post/Python/Nuitka.md"; see https://gohugo.io/getting-started/configuration-markup/#rendererunsafe
You can suppress this warning by adding the following to your site configuration:
ignoreLogs = ['warning-goldmark-raw-html']
WARN  Raw HTML omitted while rendering "C:/Users/Cuile/Documents/Gitee/Cuile.github.io/content/post/Linux/tmux.md"; see https://gohugo.io/getting-started/configuration-markup/#rendererunsafe
You can suppress this warning by adding the following to your site configuration:
ignoreLogs = ['warning-goldmark-raw-html']
WARN  Raw HTML omitted while rendering "C:/Users/Cuile/Documents/Gitee/Cuile.github.io/content/post/VsCode/VsCode_with_Remote_SSH_in_Alpine_Linux.md"; see https://gohugo.io/getting-started/configuration-markup/#rendererunsafe
You can suppress this warning by adding the following to your site configuration:
ignoreLogs = ['warning-goldmark-raw-html']
WARN  Raw HTML omitted while rendering "C:/Users/Cuile/Documents/Gitee/Cuile.github.io/content/post/Proxmox/CLI.md"; see https://gohugo.io/getting-started/configuration-markup/#rendererunsafe
You can suppress this warning by adding the following to your site configuration:
ignoreLogs = ['warning-goldmark-raw-html']
WARN  Raw HTML omitted while rendering "C:/Users/Cuile/Documents/Gitee/Cuile.github.io/content/post/Windows/Hyper-V_Network.md"; see https://gohugo.io/getting-started/configuration-markup/#rendererunsafe
You can suppress this warning by adding the following to your site configuration:
ignoreLogs = ['warning-goldmark-raw-html']
WARN  Raw HTML omitted while rendering "C:/Users/Cuile/Documents/Gitee/Cuile.github.io/content/post/Tips/tips4.md"; see https://gohugo.io/getting-started/configuration-markup/#rendererunsafe
You can suppress this warning by adding the following to your site configuration:
ignoreLogs = ['warning-goldmark-raw-html']
WARN  Raw HTML omitted while rendering "C:/Users/Cuile/Documents/Gitee/Cuile.github.io/content/post/Linux/Configure_Manual.md"; see https://gohugo.io/getting-started/configuration-markup/#rendererunsafe
You can suppress this warning by adding the following to your site configuration:
ignoreLogs = ['warning-goldmark-raw-html']
WARN  Raw HTML omitted while rendering "C:/Users/Cuile/Documents/Gitee/Cuile.github.io/content/post/Linux/repo_Manual.md"; see https://gohugo.io/getting-started/configuration-markup/#rendererunsafe
You can suppress this warning by adding the following to your site configuration:
ignoreLogs = ['warning-goldmark-raw-html']
WARN  Raw HTML omitted while rendering "C:/Users/Cuile/Documents/Gitee/Cuile.github.io/content/post/Python/Nuitka.md"; see https://gohugo.io/getting-started/configuration-markup/#rendererunsafe
You can suppress this warning by adding the following to your site configuration:
ignoreLogs = ['warning-goldmark-raw-html']
WARN  Raw HTML omitted while rendering "C:/Users/Cuile/Documents/Gitee/Cuile.github.io/content/post/Linux/tmux.md"; see https://gohugo.io/getting-started/configuration-markup/#rendererunsafe
You can suppress this warning by adding the following to your site configuration:
ignoreLogs = ['warning-goldmark-raw-html']
WARN  Raw HTML omitted while rendering "C:/Users/Cuile/Documents/Gitee/Cuile.github.io/content/post/VsCode/VsCode_with_Remote_SSH_in_Alpine_Linux.md"; see https://gohugo.io/getting-started/configuration-markup/#rendererunsafe
You can suppress this warning by adding the following to your site configuration:
ignoreLogs = ['warning-goldmark-raw-html']
WARN  Raw HTML omitted while rendering "C:/Users/Cuile/Documents/Gitee/Cuile.github.io/content/post/Proxmox/CLI.md"; see https://gohugo.io/getting-started/configuration-markup/#rendererunsafe
You can suppress this warning by adding the following to your site configuration:
ignoreLogs = ['warning-goldmark-raw-html']
WARN  Raw HTML omitted while rendering "C:/Users/Cuile/Documents/Gitee/Cuile.github.io/content/post/Windows/Hyper-V_Network.md"; see https://gohugo.io/getting-started/configuration-markup/#rendererunsafe
You can suppress this warning by adding the following to your site configuration:
ignoreLogs = ['warning-goldmark-raw-html']
WARN  Raw HTML omitted while rendering "C:/Users/Cuile/Documents/Gitee/Cuile.github.io/content/post/Tips/tips4.md"; see https://gohugo.io/getting-started/configuration-markup/#rendererunsafe
You can suppress this warning by adding the following to your site configuration:
ignoreLogs = ['warning-goldmark-raw-html']
WARN  Raw HTML omitted while rendering "C:/Users/Cuile/Documents/Gitee/Cuile.github.io/content/post/Linux/Configure_Manual.md"; see https://gohugo.io/getting-started/configuration-markup/#rendererunsafe
You can suppress this warning by adding the following to your site configuration:
ignoreLogs = ['warning-goldmark-raw-html']
WARN  Raw HTML omitted while rendering "C:/Users/Cuile/Documents/Gitee/Cuile.github.io/content/post/Linux/repo_Manual.md"; see https://gohugo.io/getting-started/configuration-markup/#rendererunsafe
You can suppress this warning by adding the following to your site configuration:
ignoreLogs = ['warning-goldmark-raw-html']
